STEP to UG
! INFO-     NX STEP AP203 - V12.0
! INFO-      
! INFO-     Start of Translation: 27-OCT-2024  3:48:39 PM
! INFO-      
! STATUS-   Converting Part: C:\Users\Sazewar\Desktop\SSSGR\SSSGR\SSSGR.000.000.000\hex_socket_button_head_M3x10.step
! SUMMARY-   
! SUMMARY-    STEP Header Information
! SUMMARY-   
! SUMMARY-  Description      FreeCAD Model
! SUMMARY-  Imp_Level        2;1
! SUMMARY-  File_Name        C:/Users/Antonio/Desktop/screws/hex_socket_button_head_M3x10.step
! SUMMARY-  Date             2020-02-20T20:35:31
! SUMMARY-  Author           Author
! SUMMARY-  Organization     Unknown
! SUMMARY-  Pre_Version      Open CASCADE STEP processor 7.3
! SUMMARY-  Orig_System      FreeCAD
! SUMMARY-  Authorization    Unknown
! SUMMARY-  Schema_ID        automotive_design
! SUMMARY-   
! SUMMARY-    Summary of STEP Entities
! SUMMARY-   
! SUMMARY-  Entity Type                                                   Count
! SUMMARY-  -----------                                                   ------
! SUMMARY-  advanced_face ..............................................:     13
! SUMMARY-  application_context ........................................:      1
! SUMMARY-  axis2_placement_2d .........................................:      2
! SUMMARY-  axis2_placement_3d .........................................:     19
! SUMMARY-  cartesian_point ............................................:    112
! SUMMARY-  circle .....................................................:      7
! SUMMARY-  closed_shell ...............................................:      1
! SUMMARY-  conical_surface ............................................:      2
! SUMMARY-  cylindrical_surface ........................................:      2
! SUMMARY-  definitional_representation ................................:     54
! SUMMARY-  direction ..................................................:    114
! SUMMARY-  edge_curve .................................................:     27
! SUMMARY-  edge_loop ..................................................:     14
! SUMMARY-  face_bound .................................................:     14
! SUMMARY-  geometric_representation_context_and_global_uncertainty_a ..:      1
! SUMMARY-  length_unit_and_si_unit ....................................:      1
! SUMMARY-  line .......................................................:     74
! SUMMARY-  manifold_solid_brep ........................................:      1
! SUMMARY-  oriented_edge ..............................................:     54
! SUMMARY-  pcurve .....................................................:     54
! SUMMARY-  plane ......................................................:      9
! SUMMARY-  plane_angle_unit_and_si_unit ...............................:      1
! SUMMARY-  product ....................................................:      1
! SUMMARY-  product_context ............................................:      1
! SUMMARY-  product_definition .........................................:      1
! SUMMARY-  product_definition_context .................................:      1
! SUMMARY-  product_definition_formation ...............................:      1
! SUMMARY-  product_definition_shape ...................................:      1
! SUMMARY-  product_related_product_category ...........................:      1
! SUMMARY-  seam_curve .................................................:      4
! SUMMARY-  si_unit_and_solid_angle_unit ...............................:      1
! SUMMARY-  surface_curve ..............................................:     23
! SUMMARY-  uncertainty_measure_with_unit ..............................:      1
! SUMMARY-  vector .....................................................:     74
! SUMMARY-  vertex_point ...............................................:     17
! SUMMARY-                                                               -------
! SUMMARY-  Total                                                            704
! STATUS-    
! STATUS-   Converting to Output Form (Phase 2 of 3): 27-OCT-2024 3:48:39 PM
! STATUS-    
! STATUS-    
! STATUS-   Generating UG geometry and placing them in parts
! STATUS-    
! STATUS-   Creating the UG part (Phase 3 of 3): 27-OCT-2024  3:48:39 PM
! STATUS-    
! STATUS-   Creating UG solid body from Input Ent Id 15
! STATUS-    
! STATUS-   simplifying Bsplines to analytics
! STATUS-    
! STATUS-   converting tolerant edges into exact edges
! STATUS-    
! STATUS-   doing final check of body to report any faults
! STATUS-    
! INFO-     Filing Part ..: C:\Users\Sazewar\Desktop\SSSGR\SSSGR\SSSGR.000.000.000\hex_socket_button_head_M3x10_step.prt
! SUMMARY-   
! SUMMARY-  Summary of Unigraphics Part Entities
! SUMMARY-   
! SUMMARY-  Entities Processed             Count
! SUMMARY-  ------------------             -----
! SUMMARY-  Solid .......................:     1
! SUMMARY-                                 -----
! SUMMARY-  Total                              1
! INFO-      
! INFO-     Total number of solids input for this translation       :         1
! INFO-      
! INFO-     Number of solids created without body validation faults :         1
! INFO-      
! INFO-     Number of solids created with body validation fault(s)  :         0
! INFO-      
! INFO-     Number of solids ending up as sheet bodies              :         0
! INFO-      
! INFO-     End of Translation: 27-OCT-2024  3:48:39 PM
! INFO-      
