STEP to UG
! INFO-     NX STEP AP203 - V12.0
! INFO-      
! INFO-     Start of Translation: 17-OCT-2024  8:25:36 PM
! INFO-      
! STATUS-   Converting Part: C:\Users\user\Desktop\SSSGR\SSSGR\SSSGR.000.000.000\Rez10K.stp
! SUMMARY-   
! SUMMARY-    STEP Header Information
! SUMMARY-   
! SUMMARY-  Description      Unknown
! SUMMARY-  Imp_Level        2;1
! SUMMARY-  File_Name        H:\Паяльная станция\Rez10K.stp
! SUMMARY-  Date             2018-07-01T22:32:15+05:00
! SUMMARY-  Author           Andrei
! SUMMARY-  Organization     Unknown
! SUMMARY-  Pre_Version      ST-DEVELOPER v17
! SUMMARY-  Orig_System      Autodesk Inventor 2019
! SUMMARY-  Authorization    Unknown
! SUMMARY-  Schema_ID        automotive_design
! SUMMARY-   
! SUMMARY-    Summary of STEP Entities
! SUMMARY-   
! SUMMARY-  Entity Type                                                   Count
! SUMMARY-  -----------                                                   ------
! SUMMARY-  advanced_face ..............................................:    507
! SUMMARY-  application_context ........................................:      1
! SUMMARY-  axis2_placement_3d .........................................:    676
! SUMMARY-  b_spline_curve_with_knots ..................................:    346
! SUMMARY-  b_spline_surface_with_knots ................................:    111
! SUMMARY-  cartesian_point ............................................:  11270
! SUMMARY-  circle .....................................................:    270
! SUMMARY-  closed_shell ...............................................:      4
! SUMMARY-  cylindrical_surface ........................................:     49
! SUMMARY-  direction ..................................................:   2045
! SUMMARY-  edge_curve .................................................:   1318
! SUMMARY-  edge_loop ..................................................:    545
! SUMMARY-  ellipse ....................................................:      9
! SUMMARY-  face_bound .................................................:     38
! SUMMARY-  face_outer_bound ...........................................:    507
! SUMMARY-  geometric_representation_context_and_global_uncertainty_a ..:      2
! SUMMARY-  length_unit_and_si_unit ....................................:      1
! SUMMARY-  line .......................................................:    693
! SUMMARY-  manifold_solid_brep ........................................:      4
! SUMMARY-  oriented_edge ..............................................:   2636
! SUMMARY-  plane ......................................................:    291
! SUMMARY-  plane_angle_unit_and_si_unit ...............................:      1
! SUMMARY-  product ....................................................:      1
! SUMMARY-  product_context ............................................:      1
! SUMMARY-  product_definition .........................................:      1
! SUMMARY-  product_definition_context .................................:      1
! SUMMARY-  product_definition_formation ...............................:      1
! SUMMARY-  product_definition_shape ...................................:      1
! SUMMARY-  product_related_product_category ...........................:      1
! SUMMARY-  si_unit_and_solid_angle_unit ...............................:      1
! SUMMARY-  toroidal_surface ...........................................:     56
! SUMMARY-  uncertainty_measure_with_unit ..............................:      2
! SUMMARY-  vector .....................................................:    693
! SUMMARY-  vertex_point ...............................................:    849
! SUMMARY-                                                               -------
! SUMMARY-  Total                                                          22932
! STATUS-    
! STATUS-   Converting to Output Form (Phase 2 of 3): 17-OCT-2024 8:25:36 PM
! STATUS-    
! STATUS-    
! STATUS-   Generating UG geometry and placing them in parts
! STATUS-    
! STATUS-   Creating the UG part (Phase 3 of 3): 17-OCT-2024  8:25:36 PM
! STATUS-    
! STATUS-   Creating UG solid body from Input Ent Id 13
! STATUS-    
! STATUS-   fixing vertex and/or edge off surface faults
! STATUS-    
! STATUS-   simplifying Bsplines to analytics
! STATUS-    
! STATUS-   converting tolerant edges into exact edges
! STATUS-    
! STATUS-   doing final check of body to report any faults
! STATUS-    
! STATUS-    
! STATUS-   Creating UG solid body from Input Ent Id 14
! STATUS-    
! STATUS-   fixing vertex and/or edge off surface faults
! STATUS-    
! STATUS-   simplifying Bsplines to analytics
! STATUS-    
! STATUS-   converting tolerant edges into exact edges
! STATUS-    
! STATUS-   doing final check of body to report any faults
! STATUS-    
! STATUS-    
! STATUS-   Creating UG solid body from Input Ent Id 15
! STATUS-    
! STATUS-   simplifying Bsplines to analytics
! STATUS-    
! STATUS-   converting tolerant edges into exact edges
! STATUS-    
! STATUS-   doing final check of body to report any faults
! STATUS-    
! STATUS-    
! STATUS-   Creating UG solid body from Input Ent Id 16
! STATUS-    
! STATUS-   fixing vertex off curve and/or edge reversed faults
! STATUS-    
! STATUS-   fixing vertex and/or edge off surface faults
! STATUS-    
! STATUS-   fixing self-intersecting topology faults
! STATUS-    
! STATUS-   fixing inconsistent loop faults
! STATUS-    
! STATUS-   simplifying Bsplines to analytics
! STATUS-    
! STATUS-   converting tolerant edges into exact edges
! STATUS-    
! STATUS-   doing final check of body to report any faults
! STATUS-    
! WARNING-  solid body contains fault: 13826 - RTSTLC: Loops inconsistent.
! WARNING-  solid body contains fault: 13826 - RTSTLC: Loops inconsistent.
! WARNING-  solid body contains fault: 13826 - RTSTLC: Loops inconsistent.
! WARNING-  solid body contains fault: 13826 - RTSTLC: Loops inconsistent.
! WARNING-  solid body (Твердое тело3) contains faults that could not be corrected
! WARNING-   
! INFO-     Filing Part ..: C:\Users\user\Desktop\SSSGR\SSSGR\SSSGR.000.000.000\Rez10K_stp.prt
! SUMMARY-   
! SUMMARY-  Summary of Unigraphics Part Entities
! SUMMARY-   
! SUMMARY-  Entities Processed             Count
! SUMMARY-  ------------------             -----
! SUMMARY-  Solid .......................:     4
! SUMMARY-                                 -----
! SUMMARY-  Total                              4
! INFO-      
! INFO-     Total number of solids input for this translation       :         4
! INFO-      
! INFO-     Number of solids created without body validation faults :         3
! INFO-      
! INFO-     Number of solids created with body validation fault(s)  :         1
! INFO-      
! INFO-     Number of solids ending up as sheet bodies              :         0
! INFO-      
! INFO-     End of Translation: 17-OCT-2024  8:25:47 PM
! INFO-      
